2017-02-15T20:08:06.623Z - error: uncaughtException: listen EADDRINUSE :::443 date=Wed Feb 15 2017 21:08:06 GMT+0100 (Paris, Madrid), pid=13808, uid=null, gid=null, cwd=C:\Users\bbs-0\Repositories\WatchDogZZ\server, execPath=C:\Program Files (x86)\nodejs\node.exe, version=v6.5.0, argv=[C:\Program Files (x86)\nodejs\node.exe, C:\Users\bbs-0\Repositories\WatchDogZZ\server\server.js], rss=57774080, heapTotal=58757120, heapUsed=27178248, loadavg=[0, 0, 0], uptime=120970.1399564
Error: listen EADDRINUSE :::443
    at Object.exports._errnoException (util.js:1026:11)
    at exports._exceptionWithHostPort (util.js:1049:20)
    at Server._listen2 (net.js:1253:14)
    at listen (net.js:1289:10)
    at Server.listen (net.js:1385:5)
    at Object.<anonymous> (C:\Users\bbs-0\Repositories\WatchDogZZ\server\server.js:384:59)
    at Module._compile (module.js:556:32)
    at Object.Module._extensions..js (module.js:565:10)
    at Module.load (module.js:473:32)
    at tryModuleLoad (module.js:432:12)
    at Function.Module._load (module.js:424:3)
    at Module.runMain (module.js:590:10)
    at run (bootstrap_node.js:394:7)
    at startup (bootstrap_node.js:149:9)
    at bootstrap_node.js:509:3
2017-02-15T20:08:36.346Z - error: uncaughtException: listen EADDRINUSE :::443 date=Wed Feb 15 2017 21:08:36 GMT+0100 (Paris, Madrid), pid=12920, uid=null, gid=null, cwd=C:\Users\bbs-0\Repositories\WatchDogZZ\server, execPath=C:\Program Files (x86)\nodejs\node.exe, version=v6.5.0, argv=[C:\Program Files (x86)\nodejs\node.exe, C:\Users\bbs-0\Repositories\WatchDogZZ\server\server.js], rss=58302464, heapTotal=58757120, heapUsed=27211720, loadavg=[0, 0, 0], uptime=120999.8557547
Error: listen EADDRINUSE :::443
    at Object.exports._errnoException (util.js:1026:11)
    at exports._exceptionWithHostPort (util.js:1049:20)
    at Server._listen2 (net.js:1253:14)
    at listen (net.js:1289:10)
    at Server.listen (net.js:1385:5)
    at Object.<anonymous> (C:\Users\bbs-0\Repositories\WatchDogZZ\server\server.js:384:59)
    at Module._compile (module.js:556:32)
    at Object.Module._extensions..js (module.js:565:10)
    at Module.load (module.js:473:32)
    at tryModuleLoad (module.js:432:12)
    at Function.Module._load (module.js:424:3)
    at Module.runMain (module.js:590:10)
    at run (bootstrap_node.js:394:7)
    at startup (bootstrap_node.js:149:9)
    at bootstrap_node.js:509:3
